mode: set
autolytiq/api-gateway/jwt_middleware.go:43.71,44.46 1 1
autolytiq/api-gateway/jwt_middleware.go:44.46,45.72 1 1
autolytiq/api-gateway/jwt_middleware.go:45.72,48.24 2 1
autolytiq/api-gateway/jwt_middleware.go:54.4,55.47 2 1
autolytiq/api-gateway/jwt_middleware.go:60.4,63.106 2 1
autolytiq/api-gateway/jwt_middleware.go:71.4,71.18 1 1
autolytiq/api-gateway/jwt_middleware.go:77.4,77.63 1 1
autolytiq/api-gateway/jwt_middleware.go:48.24,51.5 2 1
autolytiq/api-gateway/jwt_middleware.go:55.47,58.5 2 1
autolytiq/api-gateway/jwt_middleware.go:63.106,65.60 1 1
autolytiq/api-gateway/jwt_middleware.go:68.5,68.41 1 1
autolytiq/api-gateway/jwt_middleware.go:65.60,67.6 1 0
autolytiq/api-gateway/jwt_middleware.go:71.18,74.5 2 1
autolytiq/api-gateway/jwt_middleware.go:77.63,79.39 1 1
autolytiq/api-gateway/jwt_middleware.go:85.5,85.76 1 1
autolytiq/api-gateway/jwt_middleware.go:91.5,97.42 5 1
autolytiq/api-gateway/jwt_middleware.go:79.39,82.6 2 1
autolytiq/api-gateway/jwt_middleware.go:85.76,88.6 2 0
autolytiq/api-gateway/jwt_middleware.go:98.10,101.5 2 0
autolytiq/api-gateway/jwt_middleware.go:107.97,122.2 3 1
autolytiq/api-gateway/jwt_middleware.go:125.55,126.60 1 1
autolytiq/api-gateway/jwt_middleware.go:129.2,129.11 1 0
autolytiq/api-gateway/jwt_middleware.go:126.60,128.3 1 1
autolytiq/api-gateway/jwt_middleware.go:133.61,134.72 1 1
autolytiq/api-gateway/jwt_middleware.go:137.2,137.11 1 0
autolytiq/api-gateway/jwt_middleware.go:134.72,136.3 1 1
autolytiq/api-gateway/jwt_middleware.go:141.54,142.58 1 1
autolytiq/api-gateway/jwt_middleware.go:145.2,145.11 1 0
autolytiq/api-gateway/jwt_middleware.go:142.58,144.3 1 1
autolytiq/api-gateway/jwt_middleware.go:149.53,150.56 1 1
autolytiq/api-gateway/jwt_middleware.go:153.2,153.11 1 0
autolytiq/api-gateway/jwt_middleware.go:150.56,152.3 1 1
autolytiq/api-gateway/main.go:31.40,45.2 4 0
autolytiq/api-gateway/main.go:48.36,51.2 2 0
autolytiq/api-gateway/main.go:54.32,70.2 8 0
autolytiq/api-gateway/main.go:73.70,77.2 3 0
autolytiq/api-gateway/main.go:80.66,84.2 3 0
autolytiq/api-gateway/main.go:87.77,92.2 3 0
autolytiq/api-gateway/main.go:95.81,100.2 3 0
autolytiq/api-gateway/main.go:103.56,104.71 1 0
autolytiq/api-gateway/main.go:104.71,108.3 3 0
autolytiq/api-gateway/main.go:112.76,113.46 1 0
autolytiq/api-gateway/main.go:113.46,114.72 1 0
autolytiq/api-gateway/main.go:114.72,119.29 4 0
autolytiq/api-gateway/main.go:124.4,124.24 1 0
autolytiq/api-gateway/main.go:119.29,122.5 2 0
autolytiq/api-gateway/main.go:130.32,133.2 2 0
autolytiq/api-gateway/main.go:135.27,144.2 1 0
autolytiq/api-gateway/main.go:146.46,147.42 1 0
autolytiq/api-gateway/main.go:150.2,150.21 1 0
autolytiq/api-gateway/main.go:147.42,149.3 1 0
autolytiq/api-gateway/main.go:153.13,158.2 3 0
